<?xml version="1.0" encoding="UTF-8"?>
<testng-results ignored="0" total="2" passed="2" failed="0" skipped="0">
  <reporter-output>
  </reporter-output>
  <suite started-at="2022-08-14T14:32:03Z" name="Suite" finished-at="2022-08-14T14:32:26Z" duration-ms="22993">
    <groups>
    </groups>
    <test started-at="2022-08-14T14:32:03Z" name="Test" finished-at="2022-08-14T14:32:26Z" duration-ms="22993">
      <class name="webDriverTestNG.HomePageTest">
        <test-method is-config="true" signature="Setup()[pri:0, instance:webDriverTestNG.HomePageTest@2a225dd7]" started-at="2022-08-14T14:32:17Z" name="Setup" finished-at="2022-08-14T14:32:22Z" duration-ms="4686" status="PASS">
          <reporter-output>
          </reporter-output>
        </test-method> <!-- Setup -->
        <test-method signature="Test1()[pri:0, instance:webDriverTestNG.HomePageTest@2a225dd7]" started-at="2022-08-14T14:32:22Z" name="Test1" finished-at="2022-08-14T14:32:26Z" duration-ms="4717" status="PASS">
          <reporter-output>
          </reporter-output>
        </test-method> <!-- Test1 -->
        <test-method is-config="true" signature="TearDown()[pri:0, instance:webDriverTestNG.HomePageTest@2a225dd7]" started-at="2022-08-14T14:32:26Z" name="TearDown" finished-at="2022-08-14T14:32:26Z" duration-ms="167" status="PASS">
          <reporter-output>
          </reporter-output>
        </test-method> <!-- TearDown -->
      </class> <!-- webDriverTestNG.HomePageTest -->
      <class name="webDriverTestNG.SimpliLearnLoginTest">
        <test-method is-config="true" signature="Setup()[pri:0, instance:webDriverTestNG.SimpliLearnLoginTest@5495333e]" started-at="2022-08-14T14:32:03Z" name="Setup" finished-at="2022-08-14T14:32:11Z" duration-ms="7760" status="PASS">
          <reporter-output>
          </reporter-output>
        </test-method> <!-- Setup -->
        <test-method signature="NegativeTest()[pri:0, instance:webDriverTestNG.SimpliLearnLoginTest@5495333e]" started-at="2022-08-14T14:32:11Z" name="NegativeTest" finished-at="2022-08-14T14:32:17Z" duration-ms="5347" status="PASS">
          <reporter-output>
          </reporter-output>
        </test-method> <!-- NegativeTest -->
        <test-method is-config="true" signature="TearDown()[pri:0, instance:webDriverTestNG.SimpliLearnLoginTest@5495333e]" started-at="2022-08-14T14:32:17Z" name="TearDown" finished-at="2022-08-14T14:32:17Z" duration-ms="287" status="PASS">
          <reporter-output>
          </reporter-output>
        </test-method> <!-- TearDown -->
      </class> <!-- webDriverTestNG.SimpliLearnLoginTest -->
    </test> <!-- Test -->
  </suite> <!-- Suite -->
</testng-results>
