<?xml version="1.0" encoding="UTF-8"?>
<testng-results ignored="0" total="2" passed="2" failed="0" skipped="0">
  <reporter-output>
  </reporter-output>
  <suite started-at="2022-08-14T05:58:50Z" name="Suite" finished-at="2022-08-14T05:59:13Z" duration-ms="22353">
    <groups>
    </groups>
    <test started-at="2022-08-14T05:58:50Z" name="Test" finished-at="2022-08-14T05:59:13Z" duration-ms="22353">
      <class name="webDriverTestNG.HomePageTest">
        <test-method is-config="true" signature="Setup()[pri:0, instance:webDriverTestNG.HomePageTest@14fa86ae]" started-at="2022-08-14T05:59:02Z" name="Setup" finished-at="2022-08-14T05:59:07Z" duration-ms="5155" status="PASS">
          <reporter-output>
          </reporter-output>
        </test-method> <!-- Setup -->
        <test-method signature="Test1()[pri:0, instance:webDriverTestNG.HomePageTest@14fa86ae]" started-at="2022-08-14T05:59:07Z" name="Test1" finished-at="2022-08-14T05:59:13Z" duration-ms="5661" status="PASS">
          <reporter-output>
          </reporter-output>
        </test-method> <!-- Test1 -->
        <test-method is-config="true" signature="TearDown()[pri:0, instance:webDriverTestNG.HomePageTest@14fa86ae]" started-at="2022-08-14T05:59:13Z" name="TearDown" finished-at="2022-08-14T05:59:13Z" duration-ms="175" status="PASS">
          <reporter-output>
          </reporter-output>
        </test-method> <!-- TearDown -->
      </class> <!-- webDriverTestNG.HomePageTest -->
      <class name="webDriverTestNG.SimpliLearnLoginTest">
        <test-method is-config="true" signature="Setup()[pri:0, instance:webDriverTestNG.SimpliLearnLoginTest@4167d97b]" started-at="2022-08-14T05:58:50Z" name="Setup" finished-at="2022-08-14T05:58:57Z" duration-ms="6485" status="PASS">
          <reporter-output>
          </reporter-output>
        </test-method> <!-- Setup -->
        <test-method signature="NegativeTest()[pri:0, instance:webDriverTestNG.SimpliLearnLoginTest@4167d97b]" started-at="2022-08-14T05:58:57Z" name="NegativeTest" finished-at="2022-08-14T05:59:02Z" duration-ms="4630" status="PASS">
          <reporter-output>
          </reporter-output>
        </test-method> <!-- NegativeTest -->
        <test-method is-config="true" signature="TearDown()[pri:0, instance:webDriverTestNG.SimpliLearnLoginTest@4167d97b]" started-at="2022-08-14T05:59:02Z" name="TearDown" finished-at="2022-08-14T05:59:02Z" duration-ms="214" status="PASS">
          <reporter-output>
          </reporter-output>
        </test-method> <!-- TearDown -->
      </class> <!-- webDriverTestNG.SimpliLearnLoginTest -->
    </test> <!-- Test -->
  </suite> <!-- Suite -->
</testng-results>
